This is pdfTeX, Version 3.14159265-2.6-1.40.21 (TeX Live 2020) (preloaded format=pdflatex 2020.7.26)  20 AUG 2020 20:45
entering extended mode
 restricted \write18 enabled.
 %&-line parsing enabled.
**TWF_1-50.tex
(./TWF_1-50.tex
LaTeX2e <2020-02-02> patch level 5
L3 programming layer <2020-07-17>
(/Users/tim/Library/TinyTeX/texmf-dist/tex/latex/base/article.cls
Document Class: article 2019/12/20 v1.4l Standard LaTeX document class
(/Users/tim/Library/TinyTeX/texmf-dist/tex/latex/base/size10.clo
File: size10.clo 2019/12/20 v1.4l Standard LaTeX file (size option)
)
\c@part=\count168
\c@section=\count169
\c@subsection=\count170
\c@subsubsection=\count171
\c@paragraph=\count172
\c@subparagraph=\count173
\c@figure=\count174
\c@table=\count175
\abovecaptionskip=\skip47
\belowcaptionskip=\skip48
\bibindent=\dimen134
)
(/Users/tim/Library/TinyTeX/texmf-dist/tex/latex/amsmath/amsmath.sty
Package: amsmath 2020/01/20 v2.17e AMS math features
\@mathmargin=\skip49

For additional information on amsmath, use the `?' option.
(/Users/tim/Library/TinyTeX/texmf-dist/tex/latex/amsmath/amstext.sty
Package: amstext 2000/06/29 v2.01 AMS text

(/Users/tim/Library/TinyTeX/texmf-dist/tex/latex/amsmath/amsgen.sty
File: amsgen.sty 1999/11/30 v2.0 generic functions
\@emptytoks=\toks15
\ex@=\dimen135
))
(/Users/tim/Library/TinyTeX/texmf-dist/tex/latex/amsmath/amsbsy.sty
Package: amsbsy 1999/11/29 v1.2d Bold Symbols
\pmbraise@=\dimen136
)
(/Users/tim/Library/TinyTeX/texmf-dist/tex/latex/amsmath/amsopn.sty
Package: amsopn 2016/03/08 v2.02 operator names
)
\inf@bad=\count176
LaTeX Info: Redefining \frac on input line 227.
\uproot@=\count177
\leftroot@=\count178
LaTeX Info: Redefining \overline on input line 389.
\classnum@=\count179
\DOTSCASE@=\count180
LaTeX Info: Redefining \ldots on input line 486.
LaTeX Info: Redefining \dots on input line 489.
LaTeX Info: Redefining \cdots on input line 610.
\Mathstrutbox@=\box45
\strutbox@=\box46
\big@size=\dimen137
LaTeX Font Info:    Redeclaring font encoding OML on input line 733.
LaTeX Font Info:    Redeclaring font encoding OMS on input line 734.
\macc@depth=\count181
\c@MaxMatrixCols=\count182
\dotsspace@=\muskip16
\c@parentequation=\count183
\dspbrk@lvl=\count184
\tag@help=\toks16
\row@=\count185
\column@=\count186
\maxfields@=\count187
\andhelp@=\toks17
\eqnshift@=\dimen138
\alignsep@=\dimen139
\tagshift@=\dimen140
\tagwidth@=\dimen141
\totwidth@=\dimen142
\lineht@=\dimen143
\@envbody=\toks18
\multlinegap=\skip50
\multlinetaggap=\skip51
\mathdisplay@stack=\toks19
LaTeX Info: Redefining \[ on input line 2859.
LaTeX Info: Redefining \] on input line 2860.
)
(/Users/tim/Library/TinyTeX/texmf-dist/tex/latex/amsfonts/amssymb.sty
Package: amssymb 2013/01/14 v3.01 AMS font symbols

(/Users/tim/Library/TinyTeX/texmf-dist/tex/latex/amsfonts/amsfonts.sty
Package: amsfonts 2013/01/14 v3.01 Basic AMSFonts support
\symAMSa=\mathgroup4
\symAMSb=\mathgroup5
LaTeX Font Info:    Redeclaring math symbol \hbar on input line 98.
LaTeX Font Info:    Overwriting math alphabet `\mathfrak' in version `bold'
(Font)                  U/euf/m/n --> U/euf/b/n on input line 106.
))
(/Users/tim/Library/TinyTeX/texmf-dist/tex/latex/hyperref/hyperref.sty
Package: hyperref 2020-05-15 v7.00e Hypertext links for LaTeX

(/Users/tim/Library/TinyTeX/texmf-dist/tex/generic/ltxcmds/ltxcmds.sty
Package: ltxcmds 2019/12/15 v1.24 LaTeX kernel commands for general use (HO)
)
(/Users/tim/Library/TinyTeX/texmf-dist/tex/generic/iftex/iftex.sty
Package: iftex 2020/03/06 v1.0d TeX engine tests
)
(/Users/tim/Library/TinyTeX/texmf-dist/tex/generic/pdftexcmds/pdftexcmds.sty
Package: pdftexcmds 2020-06-27 v0.33 Utility functions of pdfTeX for LuaTeX (HO
)

(/Users/tim/Library/TinyTeX/texmf-dist/tex/generic/infwarerr/infwarerr.sty
Package: infwarerr 2019/12/03 v1.5 Providing info/warning/error messages (HO)
)
Package pdftexcmds Info: \pdf@primitive is available.
Package pdftexcmds Info: \pdf@ifprimitive is available.
Package pdftexcmds Info: \pdfdraftmode found.
)
(/Users/tim/Library/TinyTeX/texmf-dist/tex/latex/graphics/keyval.sty
Package: keyval 2014/10/28 v1.15 key=value parser (DPC)
\KV@toks@=\toks20
)
(/Users/tim/Library/TinyTeX/texmf-dist/tex/generic/kvsetkeys/kvsetkeys.sty
Package: kvsetkeys 2019/12/15 v1.18 Key value parser (HO)
)
(/Users/tim/Library/TinyTeX/texmf-dist/tex/generic/kvdefinekeys/kvdefinekeys.st
y
Package: kvdefinekeys 2019-12-19 v1.6 Define keys (HO)
) (/Users/tim/Library/TinyTeX/texmf-dist/tex/generic/pdfescape/pdfescape.sty
Package: pdfescape 2019/12/09 v1.15 Implements pdfTeX's escape features (HO)
)
(/Users/tim/Library/TinyTeX/texmf-dist/tex/latex/hycolor/hycolor.sty
Package: hycolor 2020-01-27 v1.10 Color options for hyperref/bookmark (HO)
)
(/Users/tim/Library/TinyTeX/texmf-dist/tex/latex/letltxmacro/letltxmacro.sty
Package: letltxmacro 2019/12/03 v1.6 Let assignment for LaTeX macros (HO)
)
(/Users/tim/Library/TinyTeX/texmf-dist/tex/latex/auxhook/auxhook.sty
Package: auxhook 2019-12-17 v1.6 Hooks for auxiliary files (HO)
)
(/Users/tim/Library/TinyTeX/texmf-dist/tex/latex/kvoptions/kvoptions.sty
Package: kvoptions 2019/11/29 v3.13 Key value format for package options (HO)
)
\@linkdim=\dimen144
\Hy@linkcounter=\count188
\Hy@pagecounter=\count189

(/Users/tim/Library/TinyTeX/texmf-dist/tex/latex/hyperref/pd1enc.def
File: pd1enc.def 2020-05-15 v7.00e Hyperref: PDFDocEncoding definition (HO)
Now handling font encoding PD1 ...
... no UTF-8 mapping file for font encoding PD1
)
(/Users/tim/Library/TinyTeX/texmf-dist/tex/generic/intcalc/intcalc.sty
Package: intcalc 2019/12/15 v1.3 Expandable calculations with integers (HO)
)
(/Users/tim/Library/TinyTeX/texmf-dist/tex/generic/etexcmds/etexcmds.sty
Package: etexcmds 2019/12/15 v1.7 Avoid name clashes with e-TeX commands (HO)
)
\Hy@SavedSpaceFactor=\count190
Package hyperref Info: Hyper figures OFF on input line 4464.
Package hyperref Info: Link nesting OFF on input line 4469.
Package hyperref Info: Hyper index ON on input line 4472.
Package hyperref Info: Plain pages OFF on input line 4479.
Package hyperref Info: Backreferencing OFF on input line 4484.
Package hyperref Info: Implicit mode ON; LaTeX internals redefined.
Package hyperref Info: Bookmarks ON on input line 4717.
\c@Hy@tempcnt=\count191

(/Users/tim/Library/TinyTeX/texmf-dist/tex/latex/url/url.sty
\Urlmuskip=\muskip17
Package: url 2013/09/16  ver 3.4  Verb mode for urls, etc.
)
LaTeX Info: Redefining \url on input line 5076.
\XeTeXLinkMargin=\dimen145

(/Users/tim/Library/TinyTeX/texmf-dist/tex/generic/bitset/bitset.sty
Package: bitset 2019/12/09 v1.3 Handle bit-vector datatype (HO)

(/Users/tim/Library/TinyTeX/texmf-dist/tex/generic/bigintcalc/bigintcalc.sty
Package: bigintcalc 2019/12/15 v1.5 Expandable calculations on big integers (HO
)
))
\Fld@menulength=\count192
\Field@Width=\dimen146
\Fld@charsize=\dimen147
Package hyperref Info: Hyper figures OFF on input line 6347.
Package hyperref Info: Link nesting OFF on input line 6352.
Package hyperref Info: Hyper index ON on input line 6355.
Package hyperref Info: backreferencing OFF on input line 6362.
Package hyperref Info: Link coloring OFF on input line 6367.
Package hyperref Info: Link coloring with OCG OFF on input line 6372.
Package hyperref Info: PDF/A mode OFF on input line 6377.
LaTeX Info: Redefining \ref on input line 6417.
LaTeX Info: Redefining \pageref on input line 6421.

(/Users/tim/Library/TinyTeX/texmf-dist/tex/generic/atbegshi/atbegshi.sty
Package: atbegshi 2019/12/05 v1.19 At begin shipout hook (HO)
)
\Hy@abspage=\count193
\c@Item=\count194
\c@Hfootnote=\count195
)
Package hyperref Info: Driver (autodetected): hpdftex.

(/Users/tim/Library/TinyTeX/texmf-dist/tex/latex/hyperref/hpdftex.def
File: hpdftex.def 2020-05-15 v7.00e Hyperref driver for pdfTeX

(/Users/tim/Library/TinyTeX/texmf-dist/tex/latex/atveryend/atveryend.sty
Package: atveryend 2019-12-11 v1.11 Hooks at the very end of document (HO)
Package atveryend Info: \enddocument detected (standard20110627).
)
\Fld@listcount=\count196
\c@bookmark@seq@number=\count197

(/Users/tim/Library/TinyTeX/texmf-dist/tex/latex/rerunfilecheck/rerunfilecheck.
sty
Package: rerunfilecheck 2019/12/05 v1.9 Rerun checks for auxiliary files (HO)

(/Users/tim/Library/TinyTeX/texmf-dist/tex/generic/uniquecounter/uniquecounter.
sty
Package: uniquecounter 2019/12/15 v1.4 Provide unlimited unique counter (HO)
)
Package uniquecounter Info: New unique counter `rerunfilecheck' on input line 2
86.
)
\Hy@SectionHShift=\skip52
)
(/Users/tim/Library/TinyTeX/texmf-dist/tex/latex/bussproofs/bussproofs.sty
Proof Tree (bussproofs) style macros. Version 1.1.
\theLevel=\count198
\myMaxLevel=\count199
\myBoxA=\box47
\myBoxB=\box48
\myBoxC=\box49
\myBoxD=\box50
\myBoxLL=\box51
\myBoxRL=\box52
\thisAboveSkip=\dimen148
\thisBelowSkip=\dimen149
\newScoreStart=\dimen150
\newScoreEnd=\dimen151
\newCenter=\dimen152
\displace=\dimen153
\leftLowerAmt=\dimen154
\rightLowerAmt=\dimen155
\scoreHeight=\dimen156
\scoreDepth=\dimen157
\htLbox=\dimen158
\htRbox=\dimen159
\htRRbox=\dimen160
\htRRRbox=\dimen161
\htAbox=\dimen162
\htCbox=\dimen163
)
(/Users/tim/Library/TinyTeX/texmf-dist/tex/latex/l3backend/l3backend-pdfmode.de
f
File: l3backend-pdfmode.def 2020-06-29 L3 backend support: PDF mode
\l__kernel_color_stack_int=\count266
\l__pdf_internal_box=\box53
) (./TWF_1-50.aux)
\openout1 = `TWF_1-50.aux'.

LaTeX Font Info:    Checking defaults for OML/cmm/m/it on input line 6.
LaTeX Font Info:    ... okay on input line 6.
LaTeX Font Info:    Checking defaults for OMS/cmsy/m/n on input line 6.
LaTeX Font Info:    ... okay on input line 6.
LaTeX Font Info:    Checking defaults for OT1/cmr/m/n on input line 6.
LaTeX Font Info:    ... okay on input line 6.
LaTeX Font Info:    Checking defaults for T1/cmr/m/n on input line 6.
LaTeX Font Info:    ... okay on input line 6.
LaTeX Font Info:    Checking defaults for TS1/cmr/m/n on input line 6.
LaTeX Font Info:    ... okay on input line 6.
LaTeX Font Info:    Checking defaults for OMX/cmex/m/n on input line 6.
LaTeX Font Info:    ... okay on input line 6.
LaTeX Font Info:    Checking defaults for U/cmr/m/n on input line 6.
LaTeX Font Info:    ... okay on input line 6.
LaTeX Font Info:    Checking defaults for PD1/pdf/m/n on input line 6.
LaTeX Font Info:    ... okay on input line 6.
\AtBeginShipoutBox=\box54
Package hyperref Info: Link coloring OFF on input line 6.

(/Users/tim/Library/TinyTeX/texmf-dist/tex/latex/hyperref/nameref.sty
Package: nameref 2019/09/16 v2.46 Cross-referencing by name of section

(/Users/tim/Library/TinyTeX/texmf-dist/tex/latex/refcount/refcount.sty
Package: refcount 2019/12/15 v3.6 Data extraction from label references (HO)
)
(/Users/tim/Library/TinyTeX/texmf-dist/tex/generic/gettitlestring/gettitlestrin
g.sty
Package: gettitlestring 2019/12/15 v1.6 Cleanup title references (HO)
)
\c@section@level=\count267
)
LaTeX Info: Redefining \ref on input line 6.
LaTeX Info: Redefining \pageref on input line 6.
LaTeX Info: Redefining \nameref on input line 6.
 (./TWF_1-50.out) (./TWF_1-50.out)
\@outlinefile=\write3
\openout3 = `TWF_1-50.out'.


Overfull \hbox (61.55301pt too wide) in paragraph at lines 10--20
\OT1/cmr/m/n/10 I thought I might try some-thing that may be-come a reg-u-lar f
ea-ture on \OT1/cmtt/m/n/10 sci.physics.research\OT1/cmr/m/n/10 ,
 []

LaTeX Font Info:    Trying to load font information for U+msa on input line 44.

(/Users/tim/Library/TinyTeX/texmf-dist/tex/latex/amsfonts/umsa.fd
File: umsa.fd 2013/01/14 v3.01 AMS symbols A
)
LaTeX Font Info:    Trying to load font information for U+msb on input line 44.


(/Users/tim/Library/TinyTeX/texmf-dist/tex/latex/amsfonts/umsb.fd
File: umsb.fd 2013/01/14 v3.01 AMS symbols B
) [1

{/Users/tim/Library/TinyTeX/texmf-var/fonts/map/pdftex/updmap/pdftex.map}]
Overfull \hbox (14.41653pt too wide) in paragraph at lines 119--124
\OT1/cmr/m/n/10 ed. J. L. Lu-cio, World Sci-en-tific, Sin-ga-pore, now avail-ab
le as []\OT1/cmtt/m/n/10 hep-th/9301028[]\OT1/cmr/m/n/10 . 
 []

[2] [3] [4]
Overfull \hbox (12.37903pt too wide) in paragraph at lines 292--295
\OT1/cmr/m/n/10 by Sergey Pi-u-nikhin, preprint. (Pi-u-nikhin is at \OT1/cmtt/m
/n/10 serguei@math.harvard.edu\OT1/cmr/m/n/10 ) 
 []

[5] [6] [7] [8]
Overfull \hbox (0.13783pt too wide) in paragraph at lines 519--525
\OT1/cmr/m/n/10 at \OT1/cmtt/m/n/10 rstate@cosmic.physics.ucsb.edu\OT1/cmr/m/n/
10 , but please don't ask him for copies
 []

[9] [10] [11] [12] [13]
Overfull \hbox (33.05441pt too wide) in paragraph at lines 811--814
\OT1/cmr/m/n/10 Mark Miller and Lee Smolin, 22 pages in La-TeX form, avail-able
 as []\OT1/cmtt/m/n/10 gr-qc/9304005[]\OT1/cmr/m/n/10 . 
 []

[14] [15] [16]
LaTeX Font Info:    Trying to load font information for U+euf on input line 100
9.

(/Users/tim/Library/TinyTeX/texmf-dist/tex/latex/amsfonts/ueuf.fd
File: ueuf.fd 2013/01/14 v3.01 Euler Fraktur
) [17]
[18]
Overfull \hbox (9.61064pt too wide) in paragraph at lines 1150--1152
[]\OT1/cmr/m/n/10 ``A ge-o-met-ri-cal pre-sen-ta-tion of the sur-face map-ping 
class group and surgery'',
 []


Overfull \hbox (3.11182pt too wide) in paragraph at lines 1164--1166
[]\OT1/cmr/m/n/10 ``Invariants of 3-manifolds and con-for-mal field the-o-ries'
', by Micheal Polyak,
 []

[19] [20] [21]
Overfull \hbox (17.58252pt too wide) in paragraph at lines 1329--1332
\OT1/cmr/m/n/10 Col-lege preprint, April 14, 1993 (Roberts is at \OT1/cmtt/m/n/
10 J.D.Roberts@pmms.cam.ac.uk\OT1/cmr/m/n/10 ) 
 []

[22] [23] [24] [25]
Overfull \hbox (8.0192pt too wide) in paragraph at lines 1525--1535
[]\OT1/cmr/m/n/10 This is an ex-tremely in-ter-est-ing pa-per by a very good ma
th-e-mati-cian. Whoops!
 []


Overfull \hbox (0.71027pt too wide) in paragraph at lines 1565--1569
\OT1/cmr/m/n/10 and $\OML/cmm/m/it/10 SU\OT1/cmr/m/n/10 (1\OML/cmm/m/it/10 ; \O
T1/cmr/m/n/10 1)$-connections'', Ab-hay Ashtekar and Jerzy Lewandowski, Plain
 []

[26]
Overfull \hbox (8.52869pt too wide) in paragraph at lines 1620--1625
[]\OT1/cmr/m/n/10 ``$\OML/cmm/m/it/10 SU\OT1/cmr/m/n/10 (2)$ QCD in the path re
p-re-sen-ta-tion'', by Rodolfo Gam-bini and Leonardo
 []


Overfull \hbox (3.44312pt too wide) in paragraph at lines 1620--1625
\OT1/cmr/m/n/10 Se-taro, La-TeX 37 pages (7 fig-ures in-cluded), avail-able as 
[]\OT1/cmtt/m/n/10 hep-lat/9305001[]\OT1/cmr/m/n/10 .
 []


Overfull \hbox (97.88837pt too wide) in paragraph at lines 1620--1625
\OT1/cmr/m/n/10 (``hep-lat'' is the com-pu-ta-tional and lat-tice physics prepr
int list, at \OT1/cmtt/m/n/10 hep-lat@ftp.scri.fsu.edu\OT1/cmr/m/n/10 .) 
 []


Overfull \hbox (0.97285pt too wide) in paragraph at lines 1630--1638
[]\OT1/cmr/m/n/10 We in-tro-duce a path-dependent hamil-to-nian rep-re-sen-ta-t
ion (the path
 []

[27] [28] [29] [30] [31]
Overfull \hbox (3.63953pt too wide) in paragraph at lines 1922--1927
[]\OT1/cmr/m/n/10 ``Closed string field the-ory - an in-tro-duc-tion'', by Bar-
ton Zwiebach, preprint
 []

[32] [33] [34] [35] [36] [37]
Overfull \hbox (117.99945pt too wide) in paragraph at lines 2276--2279
[]\OT1/cmr/m/n/10 ``Six ways to quan-tize (2+1)-dimensional grav-ity'', by Stev
en Car-lip (\OT1/cmtt/m/n/10 carlip@nsfitp.itp.ucsb.edu\OT1/cmr/m/n/10 ),
 []

[38]
Overfull \hbox (7.26324pt too wide) in paragraph at lines 2337--2345
 []\OT1/cmr/bx/n/10 #1 Re-duced ADM phase space quan-ti-za-tion[] \OT1/cmr/m/n/
10 The ``ADM'' or Arnowitt-
 []

[39] [40] [41] [42]
Overfull \hbox (0.53156pt too wide) in paragraph at lines 2604--2607
[]\OT1/cmr/m/it/10 Temperley-Lieb Re-cou-pling The-ory and In-vari-ants of 3-Ma
nifolds\OT1/cmr/m/n/10 , by Louis
 []


Overfull \hbox (2.7493pt too wide) in paragraph at lines 2621--2624
\OT1/cmr/m/n/10 Martellini (\OT1/cmtt/m/n/10 martellini@milano.infn.it\OT1/cmr/
m/n/10 ), and A. Marzuoli, Di-par-ti-mento
 []


Overfull \hbox (56.1106pt too wide) in paragraph at lines 2635--2638
[]\OT1/cmr/m/n/10 ``Selected top-ics in quan-tum groups'', by Y. S. Soibel-man 
(\OT1/cmtt/m/n/10 soibel@math.harvard.edu\OT1/cmr/m/n/10 ),
 []


Overfull \hbox (7.9713pt too wide) in paragraph at lines 2643--2645
[]\OT1/cmr/m/n/10 6)" Braids and movies", by J. Scott Carter (\OT1/cmtt/m/n/10 
carter@mathstat.usouthal.edu\OT1/cmr/m/n/10 )
 []

[43]
Overfull \hbox (7.97182pt too wide) in paragraph at lines 2717--2720
[]\OT1/cmr/m/n/10 A note on the four-dimensional Kirby cal-cu-lus, by Bo-gus-la
w Broda, preprint,
 []

[44]
Overfull \hbox (5.41731pt too wide) in paragraph at lines 2781--2784
[]\OT1/cmr/m/n/10 ``Chern-Simons the-ory as topo-log-i-cal closed string'', Vip
ul Peri-wal, preprint,
 []


Overfull \hbox (11.3617pt too wide) in paragraph at lines 2806--2816
\OT1/cmr/m/n/10 QCD. Maps of two-dimensional string world-sheets into two-dimen
sional
 []

[45] [46] [47] [48] [49] [50]
Overfull \hbox (38.41652pt too wide) in paragraph at lines 3126--3130
\OT1/cmr/m/n/10 ries'', by Louis Crane and David Yet-ter, preprint avail-able a
s []\OT1/cmtt/m/n/10 hep-th/9301062[]
 []

[51]
Overfull \hbox (73.35114pt too wide) in paragraph at lines 3179--3182
\OT1/cmr/m/n/10 broke Col-lege preprint, April 14, 1993. (Roberts is at \OT1/cm
tt/m/n/10 J.D.Roberts@pmms.cam.ac.uk\OT1/cmr/m/n/10 )
 []


Overfull \hbox (24.22208pt too wide) in paragraph at lines 3194--3197
\OT1/cmr/m/n/10 man, David N. Yet-ter, 4 pages, AM-S-TeX, preprint avail-able a
s []\OT1/cmtt/m/n/10 hep-th/9309063[]\OT1/cmr/m/n/10 . 
 []

[52]
Overfull \hbox (9.03658pt too wide) in paragraph at lines 3246--3248
[]\OT1/cmr/m/n/10 ``Exactly sol-u-ble diffeomorphism-invariant the-o-ries'', Ga
ry Horowitz, \OT1/cmr/m/it/10 Comm.
 []

[53] [54]
Overfull \hbox (10.24985pt too wide) in paragraph at lines 3412--3415
[]\OT1/cmr/m/n/10 ``Categorical physics'', by Louis Crane, preprint avail-able 
as []\OT1/cmtt/m/n/10 hep-th/9301061[]
 []

[55] [56] [57] [58] [59] [60] [61] [62] [63]
Overfull \hbox (108.33456pt too wide) detected at line 3907
\OT1/cmr/m/n/10 2463205976112133171923293141475971 = 80801742479451287588645990
4961710757005754368000000000
 []

[64] [65] [66] [67] [68] [69] [70] [71] [72] [73] [74] [75] [76] [77] [78]
[79]
Overfull \hbox (16.4173pt too wide) in paragraph at lines 4850--4853
[]\OT1/cmr/m/n/10 ``Topological quan-tum in-vari-ants and the Andrews-Curtis co
n-jec-ture (Progress
 []


Overfull \hbox (1.75075pt too wide) in paragraph at lines 4853--4857
[]\OT1/cmr/m/n/10 ``Lectures on ax-iomatic topo-log-i-cal quan-tum field the-or
y'', by Frank Quinn,
 []

[80] [81] [82] [83] [84] [85] [86] [87] [88] [89] [90] [91]
Overfull \hbox (16.89307pt too wide) in paragraph at lines 5612--5617
\OT1/cmr/m/n/10 velous fact that $\OML/cmm/m/it/10 Aut\OT1/cmr/m/n/10 (\OML/cmm
/m/it/10 H\OT1/cmr/m/n/10 )$ is con-tractible, gives an iso-mor-phism be-tween 
$\OML/cmm/m/it/10 H[]\OT1/cmr/m/n/10 (\OML/cmm/m/it/10 M; []\OT1/cmr/m/n/10 (\O
ML/cmm/m/it/10 G\OT1/cmr/m/n/10 ))$
 []


Overfull \hbox (23.1395pt too wide) in paragraph at lines 5612--5617
\OT1/cmr/m/n/10 (the co-ho-mol-ogy of the sheaf of smooth G-valued func-tions o
n $\OML/cmm/m/it/10 M$\OT1/cmr/m/n/10 ) and $\OML/cmm/m/it/10 H[]\OT1/cmr/m/n/1
0 (\OML/cmm/m/it/10 M; []\OT1/cmr/m/n/10 (\U/msb/m/n/10 C[]\OT1/cmr/m/n/10 ))$.

 []

[92] [93] [94] [95] [96] [97] [98] [99] [100] [101] [102] [103] [104] [105]
[106] [107] [108] [109] [110] [111] [112] [113]
Overfull \hbox (0.77849pt too wide) in paragraph at lines 6985--6989
[]\OT1/cmr/m/n/10 ``Homologically twisted in-vari-ants re-lated to (2+1)- and (
3+1)-dimensional
 []


Overfull \hbox (4.19508pt too wide) in paragraph at lines 6985--6989
\OT1/cmr/m/n/10 state-sum topo-log-i-cal quan-tum field the-o-ries'', by David 
N. Yet-ter, preprint,
 []

[114] [115] [116] [117] [118]
LaTeX Font Info:    Trying to load font information for TS1+cmtt on input line 
7278.

(/Users/tim/Library/TinyTeX/texmf-dist/tex/latex/base/ts1cmtt.fd
File: ts1cmtt.fd 2019/12/16 v2.5j Standard LaTeX font definitions
) [119]
Overfull \hbox (1.38924pt too wide) in paragraph at lines 7350--7352
[]\OT1/cmr/m/it/10 QED and the Men Who Made It: Dyson, Feyn-man, Schwinger and 
Tomon-
 []

[120]
Overfull \hbox (0.53156pt too wide) in paragraph at lines 7400--7403
[]\OT1/cmr/m/it/10 Temperley-Lieb Re-cou-pling The-ory and In-vari-ants of 3-Ma
nifolds\OT1/cmr/m/n/10 , by Louis
 []

[121]
Overfull \hbox (7.1394pt too wide) in paragraph at lines 7453--7459
[]\OT1/cmr/m/n/10 In the lat-ter pa-per, Rov-elli and Marales-Tecotl dis-cuss h
ow to in-clude fermions.
 []

[122] [123] [124] [125] [126] [127]
Overfull \hbox (49.4429pt too wide) in paragraph at lines 7890--7898
\OT1/cmr/m/n/10 York Jour-nal's chief ed-i-tor is Mark Stein-berger, at SUNY Al
-bany, \OT1/cmtt/m/n/10 mark@sarah.albany.edu\OT1/cmr/m/n/10 .
 []

[128]
LaTeX Font Info:    Trying to load font information for OML+cmtt on input line 
7910.
LaTeX Font Info:    No file OMLcmtt.fd. on input line 7910.


LaTeX Font Warning: Font shape `OML/cmtt/m/n' undefined
(Font)              using `OML/cmm/m/it' instead
(Font)              for symbol `textless' on input line 7910.


Overfull \hbox (49.60887pt too wide) in paragraph at lines 7941--7955
\OT1/cmr/m/n/10 `Open' and then type in \OT1/cmtt/m/n/10 http://math34.gatech.e
du:8080/Journal/journalhome.html\OT1/cmr/m/n/10 ''.
 []


Overfull \hbox (41.55484pt too wide) in paragraph at lines 7941--7955
\OT1/cmr/m/n/10 To \OT1/cmr/m/it/10 get \OT1/cmr/m/n/10 Mo-saic, do anony-mous 
ftp to \OT1/cmtt/m/n/10 ftp.ncsa.uiuc.edu \OT1/cmr/m/n/10 and \OT1/cmtt/m/n/10 
cd \OT1/cmr/m/n/10 to \OT1/cmtt/m/n/10 Web/Mosaic[]binaries
 []

[129]
Overfull \hbox (22.4968pt too wide) in paragraph at lines 7993--7993
[]    \OT1/cmtt/m/n/10 If you have no clue what WWW is, you can go over the Int
ernet with[] 
 []


Overfull \hbox (22.4968pt too wide) in paragraph at lines 7993--7993
[]\OT1/cmtt/m/n/10 telnet to info.cern.ch (no login required) which brings you 
to the WWW[] 
 []


Overfull \hbox (43.49661pt too wide) in paragraph at lines 7993--7993
[]\OT1/cmtt/m/n/10 Home Page at CERN. You are now using the simple line mode br
owser. To move[] 
 []


Overfull \hbox (17.24684pt too wide) in paragraph at lines 7993--7993
[]\OT1/cmtt/m/n/10 more easily. The by far nicest way of "browsing" through WWW
 uses the[] 
 []


Overfull \hbox (27.74675pt too wide) in paragraph at lines 7993--7993
[]\OT1/cmtt/m/n/10 X-Terminal based tool "XMosaic". Binaries for many platforms
 (ready for[] 
 []


Overfull \hbox (27.74675pt too wide) in paragraph at lines 7993--7993
[]\OT1/cmtt/m/n/10 use) and sources are available via anonymous FTP from ftp.nc
sa.uiuc.edu[] 
 []


Overfull \hbox (1.49698pt too wide) in paragraph at lines 7993--7993
[]\OT1/cmtt/m/n/10 software is info.cern.ch (including a hypertext browser/edit
or for[] 
 []


Overfull \hbox (22.4968pt too wide) in paragraph at lines 7993--7993
[]    \OT1/cmtt/m/n/10 For questions related to WWW, try consulting the WWW-FAQ
: Its most[] 
 []


Overfull \hbox (11.99689pt too wide) in paragraph at lines 7993--7993
[]    \OT1/cmtt/m/n/10 The official contact (in fact the midwife of the World W
ide Web)[] 
 []


Overfull \hbox (27.74675pt too wide) in paragraph at lines 7993--7993
[]\OT1/cmtt/m/n/10 is Tim Berners-Lee, timbl@info.cern.ch. For general matters 
on WWW, try[] 
 []


Overfull \hbox (43.49661pt too wide) in paragraph at lines 7993--7993
[]\OT1/cmtt/m/n/10 www-request@info.cern.ch or Robert Cailliau (responsible for
 the "physics"[] 
 []

[130] [131] [132] [133] [134] [135] [136] [137]
Overfull \hbox (14.11183pt too wide) in paragraph at lines 8495--8497
[]\OT1/cmr/m/n/10 ``Loop rep-re-sen-ta-tions'', by Bernd Brueg-mann, Max Planck
 In-sti-tute preprint,
 []

[138] [139] [140] [141] [142]
Overfull \hbox (1.71347pt too wide) in paragraph at lines 8845--8854
\OT1/cmr/m/n/10 morphisms some slack. Tech-ni-cally, one can choose be-tween ``
strict'' 2-categories,
 []

[143] [144] [145]
Overfull \hbox (20.59602pt too wide) in paragraph at lines 9000--9002
[]\OT1/cmr/m/n/10 H.J.Baues, \OT1/cmr/m/it/10 Com-bi-na-to-rial ho-mo-topy and 
4-dimensional com-plexes\OT1/cmr/m/n/10 , De Gruyter,
 []


Overfull \hbox (27.18562pt too wide) in paragraph at lines 9003--9007
[]\OT1/cmr/m/n/10 L.Breen, Bitorseurs et co-ho-molo-gie non-Ab^^Selienne, \OT1/
cmr/m/it/10 The Grothendieck Festschrift:
 []


Overfull \hbox (8.4223pt too wide) in paragraph at lines 9040--9044
[]\OT1/cmr/m/n/10 R.Brown, J.Huebschmann, ``Iden-ti-ties among re-la-tions'', i
n \OT1/cmr/m/it/10 Low-dimensional
 []

[146]
Overfull \hbox (6.2774pt too wide) in paragraph at lines 9048--9051
[]\OT1/cmr/m/n/10 M.Bullejos, A.M.Cegarra, J.Duskin, ``On $[][]$-groups and ho-
mo-topy types'',
 []

[147] [148] [149]
Overfull \hbox (12.68126pt too wide) in paragraph at lines 9229--9232
[]\OT1/cmr/m/n/10 ``Exactly sol-u-ble diffeomorphism-invariant the-o-ries'', by
 Gary Horowitz,
 []


Overfull \hbox (20.4988pt too wide) in paragraph at lines 9252--9256
\OT1/cmr/m/n/10 in La-TeX for-mat (fig-ures avail-able upon re-quest), avail-ab
le as []\OT1/cmtt/m/n/10 hep-th/9407070[]\OT1/cmr/m/n/10 . 
 []

[150] [151] [152] [153] [154] [155] [156] [157]
Overfull \hbox (14.24992pt too wide) in paragraph at lines 9795--9798
\OT1/cmr/m/n/10 rived from fi-nite di-men-sional Hopf al-ge-bras'', by avail-ab
le as []\OT1/cmtt/m/n/10 hep-th/9406065[]\OT1/cmr/m/n/10 . 
 []

[158]
Overfull \hbox (21.66655pt too wide) in paragraph at lines 9812--9815
\OT1/cmr/m/n/10 the-ory, Hopf cat-e-gories, and the canon-i-cal bases'', avail-
able as []\OT1/cmtt/m/n/10 hep-th/9405183[]\OT1/cmr/m/n/10 . 
 []

[159]
Overfull \hbox (31.86113pt too wide) in paragraph at lines 9866--9869
\OT1/cmr/m/n/10 space of con-nec-tions mod-ulo gauge trans-for-ma-tions'', avai
l-able as []\OT1/cmtt/m/n/10 gr-qc/9403042[]\OT1/cmr/m/n/10 . 
 []


Overfull \hbox (38.61116pt too wide) in paragraph at lines 9874--9876
[]\OT1/cmr/m/n/10 R. Loll, ``In-de-pen-dent loop in-vari-ants for 2+1 grav-ity'
', avail-able as []\OT1/cmtt/m/n/10 gr-qc/9408007[]\OT1/cmr/m/n/10 . 
 []


Overfull \hbox (6.16663pt too wide) in paragraph at lines 9885--9888
\OT1/cmr/m/n/10 of quan-tum grav-ity in the loop rep-re-sen-ta-tion'', avail-ab
le as []\OT1/cmtt/m/n/10 gr-qc/9404059[]\OT1/cmr/m/n/10 . 
 []

[160] [161] [162] [163] [164]
Overfull \hbox (48.76782pt too wide) in paragraph at lines 10211--10216
\OT1/cmr/m/n/10 in-com-plete ver-sion, Septem-ber 1991. (Kapra-nov is at \OT1/c
mtt/m/n/10 kapranov@chow.math.nwu.edu\OT1/cmr/m/n/10 ,
 []

[165] [166] [167] [168] [169] [170] [171]
\myBox1=\box55
\myScoreStart1=\dimen164
\myCenter1=\dimen165
\myScoreEnd1=\dimen166
\myBox2=\box56
\myScoreStart2=\dimen167
\myCenter2=\dimen168
\myScoreEnd2=\dimen169

Overfull \hbox (51.832pt too wide) in paragraph at lines 10674--10677
\OT1/cmr/m/n/10 avail-able in La-TeX for-mat (com-pressed) by anony-mous ftp fr
om \OT1/cmtt/m/n/10 boole.stanford.edu\OT1/cmr/m/n/10 ,
 []

[172] [173] [174] [175] [176] [177] [178]
Overfull \hbox (9.44429pt too wide) in paragraph at lines 11075--11081
\OT1/cmr/bx/n/10 4\OT1/cmr/m/n/10 , edited by Jorge Pullin, 24 pages in Plain T
eX, avail-able as []\OT1/cmtt/m/n/10 gr-qc/9409004[]\OT1/cmr/m/n/10 ,
 []

[179] [180] [181] [182]
Overfull \hbox (6.00053pt too wide) in paragraph at lines 11426--11437
[]\OT1/cmr/m/n/10 I've dis-cussed the Ponzano-Regge model quite a bit in ``week
16'' and ``week38''.
 []

[183]
Overfull \hbox (28.19333pt too wide) in paragraph at lines 11449--11452
[]\OT1/cmr/m/n/10 ``Lattice QCD as a the-ory of in-ter-act-ing sur-faces'', by 
B. Rusakov, \OT1/cmtt/m/n/10 TAUP-2204-94\OT1/cmr/m/n/10 ,
 []


Overfull \hbox (28.08275pt too wide) in paragraph at lines 11471--11475
\OT1/cmr/m/n/10 R. Dou-glas, Rut-gers Uni-ver-sity preprint \OT1/cmtt/m/n/10 RU
-94-29\OT1/cmr/m/n/10 , avail-able as []\OT1/cmtt/m/n/10 hep-th/9403119[]\OT1/c
mr/m/n/10 . 
 []

[184] [185] [186] [187]
Overfull \hbox (7.58395pt too wide) in paragraph at lines 11694--11697
[]\OT1/cmr/m/n/10 ``Coherent State Trans-forms for Spaces of Con-nec-tions'', b
y Ab-hay Ashtekar,
 []


Overfull \hbox (6.61183pt too wide) in paragraph at lines 11698--11701
[]\OT1/cmr/m/n/10 ``Quantum ge-ometro-dy-nam-ics'', by A. Ashtekar, J. Lewandow
ski, D. Marolf,
 []

[188] [189] [190] [191] [192] [193]
Overfull \hbox (1.15326pt too wide) in paragraph at lines 12107--12111
\OML/cmtt/m/n/10 N \OT1/cmr/m/n/10 = 2$ su-per-sym-met-ric Yang-Mills the-ory''
, by Ed-ward Wit-ten and Nathan
 []

[194] [195]
Overfull \hbox (27.24673pt too wide) in paragraph at lines 12238--12241
\OT1/cmr/m/n/10 able via WWW as []$\OT1/cmtt/m/n/10 http : / / www . hotwired .
 com / Lib / Wired / 2 . 10 / departments /
 []

[196] [197] [198] [199] [200] [201] [202] [203]
Overfull \hbox (21.24924pt too wide) in paragraph at lines 12750--12752
[]\OT1/cmr/m/n/10 Quantum Al-ge-bra (In-clud-ing Knot The-ory) (\OT1/cmtt/m/n/1
0 q-alg@eprints.math.duke.edu\OT1/cmr/m/n/10 ),
 []

[204]
Overfull \hbox (48.74657pt too wide) in paragraph at lines 12899--12899
[]\OT1/cmtt/m/n/10 The journal Theory and Applications of Categories will disse
minate articles[] 
 []


Overfull \hbox (43.49661pt too wide) in paragraph at lines 12899--12899
[]\OT1/cmtt/m/n/10 that significantly advance the study of categorical algebra 
or methods, or[] 
 []


Overfull \hbox (17.24684pt too wide) in paragraph at lines 12899--12899
[]\OT1/cmtt/m/n/10 that make significant new contributions to mathematical scie
nce using[] 
 []


Overfull \hbox (11.99689pt too wide) in paragraph at lines 12899--12899
[]\OT1/cmtt/m/n/10 categorical methods. The scope of the journal includes: all 
areas of[] 
 []


Overfull \hbox (48.74657pt too wide) in paragraph at lines 12899--12899
[]\OT1/cmtt/m/n/10 pure category theory, including higher dimensional categorie
s; applications[] 
 []


Overfull \hbox (27.74675pt too wide) in paragraph at lines 12899--12899
[]\OT1/cmtt/m/n/10 of category theory to algebra, geometry and topology and oth
er areas of[] 
 []


Overfull \hbox (38.24666pt too wide) in paragraph at lines 12899--12899
[]\OT1/cmtt/m/n/10 mathematics; applications of category theory to computer sci
ence, physics[] 
 []


Overfull \hbox (22.4968pt too wide) in paragraph at lines 12899--12899
[]\OT1/cmtt/m/n/10 and other mathematical sciences; contributions to scientific
 knowledge[] 
 []


Overfull \hbox (11.99689pt too wide) in paragraph at lines 12899--12899
[]\OT1/cmtt/m/n/10 Articles appearing in the journal have been carefully and cr
itically[] 
 []


Overfull \hbox (11.99689pt too wide) in paragraph at lines 12899--12899
[]\OT1/cmtt/m/n/10 refereed under the responsibility of members of the Editoria
l Board.[] 
 []


Overfull \hbox (32.9967pt too wide) in paragraph at lines 12899--12899
[]\OT1/cmtt/m/n/10 Only papers judged to be both significant and excellent are 
accepted for[] 
 []


Overfull \hbox (6.74693pt too wide) in paragraph at lines 12899--12899
[]\OT1/cmtt/m/n/10 The method of distribution of the journal is via the Interne
t tools[] 
 []


Overfull \hbox (17.24684pt too wide) in paragraph at lines 12899--12899
[]\OT1/cmtt/m/n/10 WWW/gopher/ftp. The journal is archived electronically and i
n printed[] 
 []


Overfull \hbox (6.74693pt too wide) in paragraph at lines 12899--12899
[]\OT1/cmtt/m/n/10 as they are published. Full text of published articles is av
ailable[] 
 []


Overfull \hbox (6.74693pt too wide) in paragraph at lines 12899--12899
[]\OT1/cmtt/m/n/10 send e-mail to tac@mta.ca including a full name and postal a
ddress.[] 
 []


Overfull \hbox (22.4968pt too wide) in paragraph at lines 12899--12899
[]\OT1/cmtt/m/n/10 For institutional subscription, send enquiries to the Managi
ng Editor,[] 
 []

[205] [206] [207] [208] [209] [210] [211] [212]

! LaTeX Error: Environment longtable undefined.

See the LaTeX manual or LaTeX Companion for explanation.
Type  H <return>  for immediate help.
 ...                                              
                                                  
l.13269 \begin{longtable}
                         []{@{}llll@{}}
Your command was ignored.
Type  I <command> <return>  to replace it with another command,
or  <return>  to continue without it.

! Undefined control sequence.
l.13270 \toprule
                
The control sequence at the end of the top line
of your error message was never \def'ed. If you have
misspelled it (e.g., `\hobx'), type `I' and the correct
spelling (e.g., `I\hbox'). Otherwise just continue,
and I'll forget about whatever was undefined.

! Misplaced alignment tab character &.
l.13273 \end{minipage} &
                         \begin{minipage}[b]{0.21\columnwidth}\raggedright
I can't figure out why you would want to use a tab mark
here. If you just want an ampersand, the remedy is
simple: Just type `I\&' now. But if some right brace
up above has ended a previous alignment prematurely,
you're probably due for more error messages, and you
might try typing `S' now just to see what is salvageable.

! Misplaced alignment tab character &.
l.13275 \end{minipage} &
                         \begin{minipage}[b]{0.21\columnwidth}\raggedright
I can't figure out why you would want to use a tab mark
here. If you just want an ampersand, the remedy is
simple: Just type `I\&' now. But if some right brace
up above has ended a previous alignment prematurely,
you're probably due for more error messages, and you
might try typing `S' now just to see what is salvageable.

! Misplaced alignment tab character &.
l.13277 \end{minipage} &
                         \begin{minipage}[b]{0.21\columnwidth}\raggedright
I can't figure out why you would want to use a tab mark
here. If you just want an ampersand, the remedy is
simple: Just type `I\&' now. But if some right brace
up above has ended a previous alignment prematurely,
you're probably due for more error messages, and you
might try typing `S' now just to see what is salvageable.

! Undefined control sequence.
l.13280 \midrule
                
The control sequence at the end of the top line
of your error message was never \def'ed. If you have
misspelled it (e.g., `\hobx'), type `I' and the correct
spelling (e.g., `I\hbox'). Otherwise just continue,
and I'll forget about whatever was undefined.

! Undefined control sequence.
l.13281 \endhead
                
The control sequence at the end of the top line
of your error message was never \def'ed. If you have
misspelled it (e.g., `\hobx'), type `I' and the correct
spelling (e.g., `I\hbox'). Otherwise just continue,
and I'll forget about whatever was undefined.

! Misplaced alignment tab character &.
l.13284 \end{minipage} &
                         \begin{minipage}[t]{0.21\columnwidth}\raggedright
I can't figure out why you would want to use a tab mark
here. If you just want an ampersand, the remedy is
simple: Just type `I\&' now. But if some right brace
up above has ended a previous alignment prematurely,
you're probably due for more error messages, and you
might try typing `S' now just to see what is salvageable.

! Misplaced alignment tab character &.
l.13286 \end{minipage} &
                         \begin{minipage}[t]{0.21\columnwidth}\raggedright
I can't figure out why you would want to use a tab mark
here. If you just want an ampersand, the remedy is
simple: Just type `I\&' now. But if some right brace
up above has ended a previous alignment prematurely,
you're probably due for more error messages, and you
might try typing `S' now just to see what is salvageable.

! Misplaced alignment tab character &.
l.13288 \end{minipage} &
                         \begin{minipage}[t]{0.21\columnwidth}\raggedright
I can't figure out why you would want to use a tab mark
here. If you just want an ampersand, the remedy is
simple: Just type `I\&' now. But if some right brace
up above has ended a previous alignment prematurely,
you're probably due for more error messages, and you
might try typing `S' now just to see what is salvageable.

! Misplaced alignment tab character &.
l.13293 \end{minipage} &
                         \begin{minipage}[t]{0.21\columnwidth}\raggedright
I can't figure out why you would want to use a tab mark
here. If you just want an ampersand, the remedy is
simple: Just type `I\&' now. But if some right brace
up above has ended a previous alignment prematurely,
you're probably due for more error messages, and you
might try typing `S' now just to see what is salvageable.

! Misplaced alignment tab character &.
l.13295 \end{minipage} &
                         \begin{minipage}[t]{0.21\columnwidth}\raggedright
I can't figure out why you would want to use a tab mark
here. If you just want an ampersand, the remedy is
simple: Just type `I\&' now. But if some right brace
up above has ended a previous alignment prematurely,
you're probably due for more error messages, and you
might try typing `S' now just to see what is salvageable.

! Misplaced alignment tab character &.
l.13297 \end{minipage} &
                         \begin{minipage}[t]{0.21\columnwidth}\raggedright
I can't figure out why you would want to use a tab mark
here. If you just want an ampersand, the remedy is
simple: Just type `I\&' now. But if some right brace
up above has ended a previous alignment prematurely,
you're probably due for more error messages, and you
might try typing `S' now just to see what is salvageable.

! Misplaced alignment tab character &.
l.13302 \end{minipage} &
                         \begin{minipage}[t]{0.21\columnwidth}\raggedright
I can't figure out why you would want to use a tab mark
here. If you just want an ampersand, the remedy is
simple: Just type `I\&' now. But if some right brace
up above has ended a previous alignment prematurely,
you're probably due for more error messages, and you
might try typing `S' now just to see what is salvageable.

! Misplaced alignment tab character &.
l.13304 \end{minipage} &
                         \begin{minipage}[t]{0.21\columnwidth}\raggedright
I can't figure out why you would want to use a tab mark
here. If you just want an ampersand, the remedy is
simple: Just type `I\&' now. But if some right brace
up above has ended a previous alignment prematurely,
you're probably due for more error messages, and you
might try typing `S' now just to see what is salvageable.

! Misplaced alignment tab character &.
l.13306 \end{minipage} &
                         \begin{minipage}[t]{0.21\columnwidth}\raggedright
I can't figure out why you would want to use a tab mark
here. If you just want an ampersand, the remedy is
simple: Just type `I\&' now. But if some right brace
up above has ended a previous alignment prematurely,
you're probably due for more error messages, and you
might try typing `S' now just to see what is salvageable.

! Misplaced alignment tab character &.
l.13311 \end{minipage} &
                         \begin{minipage}[t]{0.21\columnwidth}\raggedright
I can't figure out why you would want to use a tab mark
here. If you just want an ampersand, the remedy is
simple: Just type `I\&' now. But if some right brace
up above has ended a previous alignment prematurely,
you're probably due for more error messages, and you
might try typing `S' now just to see what is salvageable.

! Misplaced alignment tab character &.
l.13313 \end{minipage} &
                         \begin{minipage}[t]{0.21\columnwidth}\raggedright
I can't figure out why you would want to use a tab mark
here. If you just want an ampersand, the remedy is
simple: Just type `I\&' now. But if some right brace
up above has ended a previous alignment prematurely,
you're probably due for more error messages, and you
might try typing `S' now just to see what is salvageable.

! Misplaced alignment tab character &.
l.13315 \end{minipage} &
                         \begin{minipage}[t]{0.21\columnwidth}\raggedright
I can't figure out why you would want to use a tab mark
here. If you just want an ampersand, the remedy is
simple: Just type `I\&' now. But if some right brace
up above has ended a previous alignment prematurely,
you're probably due for more error messages, and you
might try typing `S' now just to see what is salvageable.

! Misplaced alignment tab character &.
l.13320 \end{minipage} &
                         \begin{minipage}[t]{0.21\columnwidth}\raggedright
I can't figure out why you would want to use a tab mark
here. If you just want an ampersand, the remedy is
simple: Just type `I\&' now. But if some right brace
up above has ended a previous alignment prematurely,
you're probably due for more error messages, and you
might try typing `S' now just to see what is salvageable.

! Misplaced alignment tab character &.
l.13322 \end{minipage} &
                         \begin{minipage}[t]{0.21\columnwidth}\raggedright
I can't figure out why you would want to use a tab mark
here. If you just want an ampersand, the remedy is
simple: Just type `I\&' now. But if some right brace
up above has ended a previous alignment prematurely,
you're probably due for more error messages, and you
might try typing `S' now just to see what is salvageable.

! Misplaced alignment tab character &.
l.13324 \end{minipage} &
                         \begin{minipage}[t]{0.21\columnwidth}\raggedright
I can't figure out why you would want to use a tab mark
here. If you just want an ampersand, the remedy is
simple: Just type `I\&' now. But if some right brace
up above has ended a previous alignment prematurely,
you're probably due for more error messages, and you
might try typing `S' now just to see what is salvageable.

! Misplaced alignment tab character &.
l.13329 \end{minipage} &
                         \begin{minipage}[t]{0.21\columnwidth}\raggedright
I can't figure out why you would want to use a tab mark
here. If you just want an ampersand, the remedy is
simple: Just type `I\&' now. But if some right brace
up above has ended a previous alignment prematurely,
you're probably due for more error messages, and you
might try typing `S' now just to see what is salvageable.

! Misplaced alignment tab character &.
l.13331 \end{minipage} &
                         \begin{minipage}[t]{0.21\columnwidth}\raggedright
I can't figure out why you would want to use a tab mark
here. If you just want an ampersand, the remedy is
simple: Just type `I\&' now. But if some right brace
up above has ended a previous alignment prematurely,
you're probably due for more error messages, and you
might try typing `S' now just to see what is salvageable.

! Misplaced alignment tab character &.
l.13333 \end{minipage} &
                         \begin{minipage}[t]{0.21\columnwidth}\raggedright
I can't figure out why you would want to use a tab mark
here. If you just want an ampersand, the remedy is
simple: Just type `I\&' now. But if some right brace
up above has ended a previous alignment prematurely,
you're probably due for more error messages, and you
might try typing `S' now just to see what is salvageable.

! Undefined control sequence.
l.13336 \bottomrule
                   
The control sequence at the end of the top line
of your error message was never \def'ed. If you have
misspelled it (e.g., `\hobx'), type `I' and the correct
spelling (e.g., `I\hbox'). Otherwise just continue,
and I'll forget about whatever was undefined.


! LaTeX Error: \begin{document} ended by \end{longtable}.

See the LaTeX manual or LaTeX Companion for explanation.
Type  H <return>  for immediate help.
 ...                                              
                                                  
l.13337 \end{longtable}
                       
Your command was ignored.
Type  I <command> <return>  to replace it with another command,
or  <return>  to continue without it.


Overfull \hbox (114.53098pt too wide) in paragraph at lines 13269--13338
[]\OT1/cmr/m/n/10 []@llll@ []  []  []  [][]
 []


Overfull \hbox (47.84065pt too wide) in paragraph at lines 13269--13338
[]  []  [][]  []
 []


Overfull \hbox (47.84065pt too wide) in paragraph at lines 13269--13338
[]  [][]  []  []
 []


Overfull \hbox (137.53876pt too wide) in paragraph at lines 13269--13338
[][]  []  []  [][]
 []


Overfull \hbox (47.84065pt too wide) in paragraph at lines 13269--13338
[]  []  [][]  []
 []

[213] [214] [215] [216] [217] [218] [219]
Overfull \hbox (31.90497pt too wide) in paragraph at lines 13789--13794
\OT1/cmr/m/it/10 Quan-tum Grav-ity \OT1/cmr/bx/n/10 9 \OT1/cmr/m/n/10 (1992), 1
069--1100. Also avail-able as []\OT1/cmtt/m/n/10 arXiv:hep-th/9202053[]\OT1/cmr
/m/n/10 . 
 []

[220] [221] [222] [223] [224] [225]
Overfull \hbox (1.49698pt too wide) in paragraph at lines 14138--14138
[]        \OT1/cmtt/m/n/10 r  |    .                            .            Fi
gure 1[] 
 []

[226] [227] [228]
Overfull \hbox (1.49698pt too wide) in paragraph at lines 14299--14299
[]     \OT1/cmtt/m/n/10 V(r)  |                                              Fi
gure 2[] 
 []

[229] [230] [231]
Overfull \hbox (4.6293pt too wide) in paragraph at lines 14525--14527
[]\OT1/cmr/m/it/10 Lectures on Non-perturbative Canon-i-cal Grav-ity\OT1/cmr/m/
n/10 , by Ab-hay Ashtekar, World
 []

[232] [233] [234] [235]
Overfull \hbox (2.83401pt too wide) in paragraph at lines 14740--14744
[]\OT1/cmr/m/n/10 ``The ini-tial value prob-lem in light of Ashtekar's vari-abl
es'', by R. Capovilla,
 []


Overfull \hbox (0.94513pt too wide) in paragraph at lines 14759--14762
[]\OT1/cmr/m/n/10 ``Combinatorial ex-pres-sion for uni-ver-sal Vas-siliev link 
in-vari-ant'', by Sergey
 []

[236] [237] [238] [239] [240] [241] [242] [243]
Overfull \hbox (13.63881pt too wide) in paragraph at lines 15275--15279
\OT1/cmr/m/n/10 Ran-jeet S. Tate and Claes Ug-gla, Syra-cuse Uni-ver-sity prepr
int \OT1/cmtt/m/n/10 SU-GP-92/2-5\OT1/cmr/m/n/10 ,
 []


Overfull \hbox (13.63881pt too wide) in paragraph at lines 15280--15284
\OT1/cmr/m/n/10 Ran-jeet S. Tate and Claes Ug-gla, Syra-cuse Uni-ver-sity prepr
int \OT1/cmtt/m/n/10 SU-GP-92/2-6\OT1/cmr/m/n/10 ,
 []

[244] [245]
Package atveryend Info: Empty hook `BeforeClearDocument' on input line 15417.
 [246]
Package atveryend Info: Empty hook `AfterLastShipout' on input line 15417.
 (./TWF_1-50.aux)
Package atveryend Info: Executing hook `AtVeryEndDocument' on input line 15417.

Package atveryend Info: Executing hook `AtEndAfterFileList' on input line 15417
.
Package rerunfilecheck Info: File `TWF_1-50.out' has not changed.
(rerunfilecheck)             Checksum: DE39945D6958C65945611F75CC7D9D09;3065.


LaTeX Font Warning: Some font shapes were not available, defaults substituted.

Package atveryend Info: Empty hook `AtVeryVeryEnd' on input line 15417.
 ) 
Here is how much of TeX's memory you used:
 6499 strings out of 482854
 93380 string characters out of 5953142
 351337 words of memory out of 5000000
 21097 multiletter control sequences out of 15000+600000
 540818 words of font info for 51 fonts, out of 8000000 for 9000
 14 hyphenation exceptions out of 8191
 43i,9n,37p,371b,515s stack positions out of 5000i,500n,10000p,200000b,80000s
 </Users/tim/Library/TinyTeX/texmf-var/fonts/pk/ljfour/jknappen/ec/tctt1000.6
00pk> </Users/tim/Library/TinyTeX/texmf-var/fonts/pk/ljfour/jknappen/ec/tcrm100
0.600pk></Users/tim/Library/TinyTeX/texmf-dist/fonts/type1/public/amsfonts/cm/c
mbx10.pfb></Users/tim/Library/TinyTeX/texmf-dist/fonts/type1/public/amsfonts/cm
/cmbx12.pfb></Users/tim/Library/TinyTeX/texmf-dist/fonts/type1/public/amsfonts/
cm/cmbxti10.pfb></Users/tim/Library/TinyTeX/texmf-dist/fonts/type1/public/amsfo
nts/cm/cmex10.pfb></Users/tim/Library/TinyTeX/texmf-dist/fonts/type1/public/ams
fonts/cm/cmmi10.pfb></Users/tim/Library/TinyTeX/texmf-dist/fonts/type1/public/a
msfonts/cm/cmmi7.pfb></Users/tim/Library/TinyTeX/texmf-dist/fonts/type1/public/
amsfonts/cm/cmr10.pfb></Users/tim/Library/TinyTeX/texmf-dist/fonts/type1/public
/amsfonts/cm/cmr5.pfb></Users/tim/Library/TinyTeX/texmf-dist/fonts/type1/public
/amsfonts/cm/cmr7.pfb></Users/tim/Library/TinyTeX/texmf-dist/fonts/type1/public
/amsfonts/cm/cmss10.pfb></Users/tim/Library/TinyTeX/texmf-dist/fonts/type1/publ
ic/amsfonts/cm/cmsy10.pfb></Users/tim/Library/TinyTeX/texmf-dist/fonts/type1/pu
blic/amsfonts/cm/cmsy5.pfb></Users/tim/Library/TinyTeX/texmf-dist/fonts/type1/p
ublic/amsfonts/cm/cmsy7.pfb></Users/tim/Library/TinyTeX/texmf-dist/fonts/type1/
public/amsfonts/cm/cmti10.pfb></Users/tim/Library/TinyTeX/texmf-dist/fonts/type
1/public/amsfonts/cm/cmtt10.pfb></Users/tim/Library/TinyTeX/texmf-dist/fonts/ty
pe1/public/amsfonts/euler/eufm10.pfb></Users/tim/Library/TinyTeX/texmf-dist/fon
ts/type1/public/amsfonts/symbols/msam10.pfb></Users/tim/Library/TinyTeX/texmf-d
ist/fonts/type1/public/amsfonts/symbols/msbm10.pfb></Users/tim/Library/TinyTeX/
texmf-dist/fonts/type1/public/amsfonts/symbols/msbm7.pfb>
Output written on TWF_1-50.pdf (246 pages, 949549 bytes).
PDF statistics:
 1998 PDF objects out of 2073 (max. 8388607)
 1708 compressed objects within 18 object streams
 658 named destinations out of 1000 (max. 500000)
 417 words of extra memory for PDF output out of 10000 (max. 10000000)

